{
  "RSpec": {
    "coverage": {
      "/Users/kaisongfan/Desktop/spring 2019/csce 606/hw-acceptance-unit-test-cycle/app/helpers/application_helper.rb": [
        1,
        null
      ],
      "/Users/kaisongfan/Desktop/spring 2019/csce 606/hw-acceptance-unit-test-cycle/app/helpers/movies_helper.rb": [
        1,
        null,
        1,
        0,
        null,
        null
      ],
      "/Users/kaisongfan/Desktop/spring 2019/csce 606/hw-acceptance-unit-test-cycle/app/controllers/movies_controller.rb": [
        1,
        null,
        1,
        4,
        null,
        null,
        1,
        1,
        1,
        null,
        null,
        null,
        1,
        3,
        3,
        null,
        1,
        null,
        1,
        null,
        3,
        3,
        null,
        3,
        18,
        null,
        null,
        3,
        2,
        2,
        2,
        null,
        1,
        null,
        null,
        1,
        null,
        null,
        null,
        1,
        3,
        3,
        1,
        1,
        null,
        3,
        null,
        null,
        null,
        1,
        3,
        3,
        3,
        null,
        null,
        1,
        1,
        null,
        null,
        1,
        1,
        1,
        1,
        1,
        null,
        null,
        1,
        1,
        1,
        1,
        1,
        null,
        null,
        null
      ],
      "/Users/kaisongfan/Desktop/spring 2019/csce 606/hw-acceptance-unit-test-cycle/app/controllers/application_controller.rb": [
        1,
        1,
        null
      ],
      "/Users/kaisongfan/Desktop/spring 2019/csce 606/hw-acceptance-unit-test-cycle/app/models/movie.rb": [
        1,
        1,
        3,
        null,
        null
      ]
    },
    "timestamp": 1551318404
  },
  "Cucumber Features": {
    "coverage": {
      "/Users/kaisongfan/Desktop/spring 2019/csce 606/hw-acceptance-unit-test-cycle/app/models/movie.rb": [
        1,
        1,
        13,
        null,
        null
      ],
      "/Users/kaisongfan/Desktop/spring 2019/csce 606/hw-acceptance-unit-test-cycle/app/controllers/movies_controller.rb": [
        1,
        null,
        1,
        1,
        null,
        null,
        1,
        3,
        3,
        null,
        null,
        null,
        1,
        13,
        13,
        null,
        2,
        null,
        2,
        null,
        13,
        13,
        null,
        13,
        30,
        null,
        null,
        13,
        4,
        4,
        4,
        null,
        9,
        null,
        null,
        1,
        null,
        null,
        null,
        1,
        2,
        2,
        1,
        1,
        null,
        2,
        null,
        null,
        null,
        1,
        0,
        0,
        0,
        null,
        null,
        1,
        1,
        null,
        null,
        1,
        1,
        1,
        1,
        1,
        null,
        null,
        1,
        0,
        0,
        0,
        0,
        null,
        null,
        null
      ],
      "/Users/kaisongfan/Desktop/spring 2019/csce 606/hw-acceptance-unit-test-cycle/app/controllers/application_controller.rb": [
        1,
        1,
        null
      ],
      "/Users/kaisongfan/Desktop/spring 2019/csce 606/hw-acceptance-unit-test-cycle/app/helpers/application_helper.rb": [
        1,
        null
      ],
      "/Users/kaisongfan/Desktop/spring 2019/csce 606/hw-acceptance-unit-test-cycle/app/helpers/movies_helper.rb": [
        1,
        null,
        1,
        0,
        null,
        null
      ]
    },
    "timestamp": 1551317440
  }
}
